<?xml version="1.0" encoding="UTF-8"?>
<!-- Generated by org.testng.reporters.JUnitReportReporter -->
<testsuite name="com.AutoMaven.signInPage.TC1001_VerifyLoginWithInvalidCredentials" tests="1" time="8.497" ignored="2" failures="0" timestamp="01 Dec 2017 02:57:15 GMT" skipped="0" hostname="sunil2545" errors="0">
  <testcase name="doInvalidLogin" time="8.497" classname="com.AutoMaven.signInPage.TC1001_VerifyLoginWithInvalidCredentials"/>
  <testcase name="end" classname="com.AutoMaven.Base.TestBase">
    <skipped/>
  </testcase> <!-- end -->
  <testcase name="init" classname="com.AutoMaven.Base.TestBase">
    <skipped/>
  </testcase> <!-- init -->
</testsuite> <!-- com.AutoMaven.signInPage.TC1001_VerifyLoginWithInvalidCredentials -->
