<?xml version="1.0" encoding="UTF-8"?>
<!-- Generated by org.testng.reporters.JUnitReportReporter -->
<testsuite name="com.AutoMaven.homePage.TC1002_ContactCustomerCare" tests="1" time="39.747" ignored="2" failures="0" timestamp="01 Dec 2017 02:57:15 GMT" skipped="0" hostname="sunil2545" errors="0">
  <testcase name="verifySendingMessageToCustomerCareWithoutAttachment" time="39.747" classname="com.AutoMaven.homePage.TC1002_ContactCustomerCare"/>
  <testcase name="end" classname="com.AutoMaven.Base.TestBase">
    <skipped/>
  </testcase> <!-- end -->
  <testcase name="init" classname="com.AutoMaven.Base.TestBase">
    <skipped/>
  </testcase> <!-- init -->
</testsuite> <!-- com.AutoMaven.homePage.TC1002_ContactCustomerCare -->
